Tue 17 Oct 2023 01:45:14 AM JST
Creating a virtualenv for this project...
Pipfile: /work/miki-yo/MySatdDetector/Pipfile
Using /work/miki-yo/.pyenv/versions/3.8.12/bin/python3.8 (3.8.12) to create virtualenv...
created virtual environment CPython3.8.12.final.0-64 in 5902ms
  creator CPython3Posix(dest=/work/miki-yo/.local/share/virtualenvs/MySatdDetector-LXQtMtC3, clear=False, no_vcs_ignore=False, global=False)
  seeder FromAppData(download=False, pip=bundle, setuptools=bundle, wheel=bundle, via=copy, app_data_dir=/work/miki-yo/.local/share/virtualenv)
    added seed packages: pip==23.2.1, setuptools==68.1.2, wheel==0.41.2
  activators BashActivator,CShellActivator,FishActivator,NushellActivator,PowerShellActivator,PythonActivator

✔ Successfully created virtual environment!
Virtualenv location: /work/miki-yo/.local/share/virtualenvs/MySatdDetector-LXQtMtC3
Pipfile.lock not found, creating...
Locking [packages] dependencies...
Building requirements...
Resolving dependencies...
✔ Success!
Warning: INFO:pipenv.patched.pip._internal.operations.prepare:Collecting torch (from -r /tmp/pipenv-fchsqiix-requirements/pipenv-4t5hwqe8-constraints.txt (line 7))
INFO:pipenv.patched.pip._internal.operations.prepare:Obtaining dependency information for torch from https://files.pythonhosted.org/packages/e1/24/f7fe3fe82583e6891cc3fceeb390f192f6c7f1d87e5a99a949ed33c96167/torch-2.1.0-cp38-cp38-manylinux1_x86_64.whl.metadata
INFO:pipenv.patched.pip._internal.network.download:Using cached torch-2.1.0-cp38-cp38-manylinux1_x86_64.whl.metadata (25 kB)
INFO:pipenv.patched.pip._internal.operations.prepare:Collecting matplotlib (from -r /tmp/pipenv-fchsqiix-requirements/pipenv-4t5hwqe8-constraints.txt (line 4))
INFO:pipenv.patched.pip._internal.operations.prepare:Obtaining dependency information for matplotlib from https://files.pythonhosted.org/packages/08/73/a4af3493a81d6e5e1fdb4c72f4d3573a7e94b60f7c2c69ab0275fdc7cd8e/matplotlib-3.7.3-cp38-cp38-manylinux_2_12_x86_64.manylinux2010_x86_64.whl.metadata
INFO:pipenv.patched.pip._internal.network.download:Using cached matplotlib-3.7.3-cp38-cp38-manylinux_2_12_x86_64.manylinux2010_x86_64.whl.metadata (5.7 kB)
INFO:pipenv.patched.pip._internal.operations.prepare:Collecting transformers (from -r /tmp/pipenv-fchsqiix-requirements/pipenv-4t5hwqe8-constraints.txt (line 6))
INFO:pipenv.patched.pip._internal.operations.prepare:Obtaining dependency information for transformers from https://files.pythonhosted.org/packages/1a/d1/3bba59606141ae808017f6fde91453882f931957f125009417b87a281067/transformers-4.34.0-py3-none-any.whl.metadata
INFO:pipenv.patched.pip._internal.network.download:Using cached transformers-4.34.0-py3-none-any.whl.metadata (121 kB)
INFO:pipenv.patched.pip._internal.operations.prepare:Collecting seaborn (from -r /tmp/pipenv-fchsqiix-requirements/pipenv-4t5hwqe8-constraints.txt (line 3))
INFO:pipenv.patched.pip._internal.operations.prepare:Obtaining dependency information for seaborn from https://files.pythonhosted.org/packages/7b/e5/83fcd7e9db036c179e0352bfcd20f81d728197a16f883e7b90307a88e65e/seaborn-0.13.0-py3-none-any.whl.metadata
INFO:pipenv.patched.pip._internal.network.download:Using cached seaborn-0.13.0-py3-none-any.whl.metadata (5.3 kB)
INFO:pipenv.patched.pip._internal.operations.prepare:Collecting scikit-learn (from -r /tmp/pipenv-fchsqiix-requirements/pipenv-4t5hwqe8-constraints.txt (line 5))
INFO:pipenv.patched.pip._internal.operations.prepare:Obtaining dependency information for scikit-learn from https://files.pythonhosted.org/packages/91/4e/752fd6e0b6b828a9cd815941fb70723eaef5d0f4efd8b9b0eee7864b3511/scikit_learn-1.3.1-cp38-cp38-manylinux_2_17_x86_64.manylinux2014_x86_64.whl.metadata
INFO:pipenv.patched.pip._internal.network.download:Using cached scikit_learn-1.3.1-cp38-cp38-manylinux_2_17_x86_64.manylinux2014_x86_64.whl.metadata (11 kB)
INFO:pipenv.patched.pip._internal.operations.prepare:Collecting accelerate (from -r /tmp/pipenv-fchsqiix-requirements/pipenv-4t5hwqe8-constraints.txt (line 2))
INFO:pipenv.patched.pip._internal.operations.prepare:Obtaining dependency information for accelerate from https://files.pythonhosted.org/packages/d9/92/2d3aecf9f4a192968035880be3e2fc8b48d541c7128f7c936f430d6f96da/accelerate-0.23.0-py3-none-any.whl.metadata
INFO:pipenv.patched.pip._internal.network.download:Using cached accelerate-0.23.0-py3-none-any.whl.metadata (18 kB)
INFO:pipenv.patched.pip._internal.operations.prepare:Collecting filelock (from torch->-r /tmp/pipenv-fchsqiix-requirements/pipenv-4t5hwqe8-constraints.txt (line 7))
INFO:pipenv.patched.pip._internal.operations.prepare:Obtaining dependency information for filelock from https://files.pythonhosted.org/packages/5e/5d/97afbafd9d584ff1b45fcb354a479a3609bd97f912f8f1f6c563cb1fae21/filelock-3.12.4-py3-none-any.whl.metadata
INFO:pipenv.patched.pip._internal.network.download:Using cached filelock-3.12.4-py3-none-any.whl.metadata (2.8 kB)
INFO:pipenv.patched.pip._internal.operations.prepare:Collecting typing-extensions (from torch->-r /tmp/pipenv-fchsqiix-requirements/pipenv-4t5hwqe8-constraints.txt (line 7))
INFO:pipenv.patched.pip._internal.operations.prepare:Obtaining dependency information for typing-extensions from https://files.pythonhosted.org/packages/24/21/7d397a4b7934ff4028987914ac1044d3b7d52712f30e2ac7a2ae5bc86dd0/typing_extensions-4.8.0-py3-none-any.whl.metadata
INFO:pipenv.patched.pip._internal.network.download:Using cached typing_extensions-4.8.0-py3-none-any.whl.metadata (3.0 kB)
INFO:pipenv.patched.pip._internal.operations.prepare:Collecting sympy (from torch->-r /tmp/pipenv-fchsqiix-requirements/pipenv-4t5hwqe8-constraints.txt (line 7))
INFO:pipenv.patched.pip._internal.network.download:Using cached sympy-1.12-py3-none-any.whl (5.7 MB)
INFO:pipenv.patched.pip._internal.operations.prepare:Collecting networkx (from torch->-r /tmp/pipenv-fchsqiix-requirements/pipenv-4t5hwqe8-constraints.txt (line 7))
INFO:pipenv.patched.pip._internal.network.download:Using cached networkx-3.1-py3-none-any.whl (2.1 MB)
INFO:pipenv.patched.pip._internal.operations.prepare:Collecting jinja2 (from torch->-r /tmp/pipenv-fchsqiix-requirements/pipenv-4t5hwqe8-constraints.txt (line 7))
INFO:pipenv.patched.pip._internal.network.download:Using cached Jinja2-3.1.2-py3-none-any.whl (133 kB)
INFO:pipenv.patched.pip._internal.operations.prepare:Collecting fsspec (from torch->-r /tmp/pipenv-fchsqiix-requirements/pipenv-4t5hwqe8-constraints.txt (line 7))
INFO:pipenv.patched.pip._internal.operations.prepare:Obtaining dependency information for fsspec from https://files.pythonhosted.org/packages/fe/d3/e1aa96437d944fbb9cc95d0316e25583886e9cd9e6adc07baad943524eda/fsspec-2023.9.2-py3-none-any.whl.metadata
INFO:pipenv.patched.pip._internal.network.download:Using cached fsspec-2023.9.2-py3-none-any.whl.metadata (6.7 kB)
INFO:pipenv.patched.pip._internal.operations.prepare:Collecting nvidia-cuda-nvrtc-cu12==12.1.105 (from torch->-r /tmp/pipenv-fchsqiix-requirements/pipenv-4t5hwqe8-constraints.txt (line 7))
INFO:pipenv.patched.pip._internal.network.download:Using cached nvidia_cuda_nvrtc_cu12-12.1.105-py3-none-manylinux1_x86_64.whl (23.7 MB)
INFO:pipenv.patched.pip._internal.operations.prepare:Collecting nvidia-cuda-runtime-cu12==12.1.105 (from torch->-r /tmp/pipenv-fchsqiix-requirements/pipenv-4t5hwqe8-constraints.txt (line 7))
INFO:pipenv.patched.pip._internal.network.download:Using cached nvidia_cuda_runtime_cu12-12.1.105-py3-none-manylinux1_x86_64.whl (823 kB)
INFO:pipenv.patched.pip._internal.operations.prepare:Collecting nvidia-cuda-cupti-cu12==12.1.105 (from torch->-r /tmp/pipenv-fchsqiix-requirements/pipenv-4t5hwqe8-constraints.txt (line 7))
INFO:pipenv.patched.pip._internal.network.download:Using cached nvidia_cuda_cupti_cu12-12.1.105-py3-none-manylinux1_x86_64.whl (14.1 MB)
INFO:pipenv.patched.pip._internal.operations.prepare:Collecting nvidia-cudnn-cu12==8.9.2.26 (from torch->-r /tmp/pipenv-fchsqiix-requirements/pipenv-4t5hwqe8-constraints.txt (line 7))
INFO:pipenv.patched.pip._internal.operations.prepare:Obtaining dependency information for nvidia-cudnn-cu12==8.9.2.26 from https://files.pythonhosted.org/packages/ff/74/a2e2be7fb83aaedec84f391f082cf765dfb635e7caa9b49065f73e4835d8/nvidia_cudnn_cu12-8.9.2.26-py3-none-manylinux1_x86_64.whl.metadata
INFO:pipenv.patched.pip._internal.network.download:Using cached nvidia_cudnn_cu12-8.9.2.26-py3-none-manylinux1_x86_64.whl.metadata (1.6 kB)
INFO:pipenv.patched.pip._internal.operations.prepare:Collecting nvidia-cublas-cu12==12.1.3.1 (from torch->-r /tmp/pipenv-fchsqiix-requirements/pipenv-4t5hwqe8-constraints.txt (line 7))
INFO:pipenv.patched.pip._internal.network.download:Using cached nvidia_cublas_cu12-12.1.3.1-py3-none-manylinux1_x86_64.whl (410.6 MB)
INFO:pipenv.patched.pip._internal.operations.prepare:Collecting nvidia-cufft-cu12==11.0.2.54 (from torch->-r /tmp/pipenv-fchsqiix-requirements/pipenv-4t5hwqe8-constraints.txt (line 7))
INFO:pipenv.patched.pip._internal.network.download:Using cached nvidia_cufft_cu12-11.0.2.54-py3-none-manylinux1_x86_64.whl (121.6 MB)
INFO:pipenv.patched.pip._internal.operations.prepare:Collecting nvidia-curand-cu12==10.3.2.106 (from torch->-r /tmp/pipenv-fchsqiix-requirements/pipenv-4t5hwqe8-constraints.txt (line 7))
INFO:pipenv.patched.pip._internal.network.download:Using cached nvidia_curand_cu12-10.3.2.106-py3-none-manylinux1_x86_64.whl (56.5 MB)
INFO:pipenv.patched.pip._internal.operations.prepare:Collecting nvidia-cusolver-cu12==11.4.5.107 (from torch->-r /tmp/pipenv-fchsqiix-requirements/pipenv-4t5hwqe8-constraints.txt (line 7))
INFO:pipenv.patched.pip._internal.network.download:Using cached nvidia_cusolver_cu12-11.4.5.107-py3-none-manylinux1_x86_64.whl (124.2 MB)
INFO:pipenv.patched.pip._internal.operations.prepare:Collecting nvidia-cusparse-cu12==12.1.0.106 (from torch->-r /tmp/pipenv-fchsqiix-requirements/pipenv-4t5hwqe8-constraints.txt (line 7))
INFO:pipenv.patched.pip._internal.network.download:Using cached nvidia_cusparse_cu12-12.1.0.106-py3-none-manylinux1_x86_64.whl (196.0 MB)
INFO:pipenv.patched.pip._internal.operations.prepare:Collecting nvidia-nccl-cu12==2.18.1 (from torch->-r /tmp/pipenv-fchsqiix-requirements/pipenv-4t5hwqe8-constraints.txt (line 7))
INFO:pipenv.patched.pip._internal.network.download:Using cached nvidia_nccl_cu12-2.18.1-py3-none-manylinux1_x86_64.whl (209.8 MB)
INFO:pipenv.patched.pip._internal.operations.prepare:Collecting nvidia-nvtx-cu12==12.1.105 (from torch->-r /tmp/pipenv-fchsqiix-requirements/pipenv-4t5hwqe8-constraints.txt (line 7))
INFO:pipenv.patched.pip._internal.network.download:Using cached nvidia_nvtx_cu12-12.1.105-py3-none-manylinux1_x86_64.whl (99 kB)
INFO:pipenv.patched.pip._internal.operations.prepare:Collecting triton==2.1.0 (from torch->-r /tmp/pipenv-fchsqiix-requirements/pipenv-4t5hwqe8-constraints.txt (line 7))
INFO:pipenv.patched.pip._internal.operations.prepare:Obtaining dependency information for triton==2.1.0 from https://files.pythonhosted.org/packages/72/98/34f43ed68ee6455ea874f749a5515c0600243186301ecd83819d942ce08a/triton-2.1.0-0-cp38-cp38-manylinux2014_x86_64.manylinux_2_17_x86_64.whl.metadata
INFO:pipenv.patched.pip._internal.network.download:Using cached triton-2.1.0-0-cp38-cp38-manylinux2014_x86_64.manylinux_2_17_x86_64.whl.metadata (1.3 kB)
INFO:pipenv.patched.pip._internal.operations.prepare:Collecting nvidia-nvjitlink-cu12 (from nvidia-cusolver-cu12==11.4.5.107->torch->-r /tmp/pipenv-fchsqiix-requirements/pipenv-4t5hwqe8-constraints.txt (line 7))
INFO:pipenv.patched.pip._internal.operations.prepare:Obtaining dependency information for nvidia-nvjitlink-cu12 from https://files.pythonhosted.org/packages/0a/f8/5193b57555cbeecfdb6ade643df0d4218cc6385485492b6e2f64ceae53bb/nvidia_nvjitlink_cu12-12.2.140-py3-none-manylinux1_x86_64.whl.metadata
INFO:pipenv.patched.pip._internal.network.download:Using cached nvidia_nvjitlink_cu12-12.2.140-py3-none-manylinux1_x86_64.whl.metadata (1.5 kB)
INFO:pipenv.patched.pip._internal.operations.prepare:Collecting contourpy>=1.0.1 (from matplotlib->-r /tmp/pipenv-fchsqiix-requirements/pipenv-4t5hwqe8-constraints.txt (line 4))
INFO:pipenv.patched.pip._internal.operations.prepare:Obtaining dependency information for contourpy>=1.0.1 from https://files.pythonhosted.org/packages/8e/71/7f20855592cc929bc206810432b991ec4c702dc26b0567b132e52c85536f/contourpy-1.1.1-cp38-cp38-manylinux_2_17_x86_64.manylinux2014_x86_64.whl.metadata
INFO:pipenv.patched.pip._internal.network.download:Using cached contourpy-1.1.1-cp38-cp38-manylinux_2_17_x86_64.manylinux2014_x86_64.whl.metadata (5.9 kB)
INFO:pipenv.patched.pip._internal.operations.prepare:Collecting cycler>=0.10 (from matplotlib->-r /tmp/pipenv-fchsqiix-requirements/pipenv-4t5hwqe8-constraints.txt (line 4))
INFO:pipenv.patched.pip._internal.operations.prepare:Obtaining dependency information for cycler>=0.10 from https://files.pythonhosted.org/packages/e7/05/c19819d5e3d95294a6f5947fb9b9629efb316b96de511b418c53d245aae6/cycler-0.12.1-py3-none-any.whl.metadata
INFO:pipenv.patched.pip._internal.network.download:Using cached cycler-0.12.1-py3-none-any.whl.metadata (3.8 kB)
INFO:pipenv.patched.pip._internal.operations.prepare:Collecting fonttools>=4.22.0 (from matplotlib->-r /tmp/pipenv-fchsqiix-requirements/pipenv-4t5hwqe8-constraints.txt (line 4))
INFO:pipenv.patched.pip._internal.operations.prepare:Obtaining dependency information for fonttools>=4.22.0 from https://files.pythonhosted.org/packages/a6/b8/965acdc0510d0ceca51bb9b9286a600eb8221d1e79d29da16f5bf035deab/fonttools-4.43.1-cp38-cp38-manylinux_2_17_x86_64.manylinux2014_x86_64.whl.metadata
INFO:pipenv.patched.pip._internal.network.download:Using cached fonttools-4.43.1-cp38-cp38-manylinux_2_17_x86_64.manylinux2014_x86_64.whl.metadata (152 kB)
INFO:pipenv.patched.pip._internal.operations.prepare:Collecting kiwisolver>=1.0.1 (from matplotlib->-r /tmp/pipenv-fchsqiix-requirements/pipenv-4t5hwqe8-constraints.txt (line 4))
INFO:pipenv.patched.pip._internal.operations.prepare:Obtaining dependency information for kiwisolver>=1.0.1 from https://files.pythonhosted.org/packages/d2/55/7021ffcc8cb26a520bb051aa0a3d08daf200cde945e5863d5768161e2d3d/kiwisolver-1.4.5-cp38-cp38-manylinux_2_5_x86_64.manylinux1_x86_64.whl.metadata
INFO:pipenv.patched.pip._internal.network.download:Using cached kiwisolver-1.4.5-cp38-cp38-manylinux_2_5_x86_64.manylinux1_x86_64.whl.metadata (6.4 kB)
INFO:pipenv.patched.pip._internal.operations.prepare:Collecting numpy<2,>=1.20 (from matplotlib->-r /tmp/pipenv-fchsqiix-requirements/pipenv-4t5hwqe8-constraints.txt (line 4))
INFO:pipenv.patched.pip._internal.operations.prepare:Obtaining dependency information for numpy<2,>=1.20 from https://files.pythonhosted.org/packages/98/5d/5738903efe0ecb73e51eb44feafba32bdba2081263d40c5043568ff60faf/numpy-1.24.4-cp38-cp38-manylinux_2_17_x86_64.manylinux2014_x86_64.whl.metadata
INFO:pipenv.patched.pip._internal.network.download:Using cached numpy-1.24.4-cp38-cp38-manylinux_2_17_x86_64.manylinux2014_x86_64.whl.metadata (5.6 kB)
INFO:pipenv.patched.pip._internal.operations.prepare:Collecting packaging>=20.0 (from matplotlib->-r /tmp/pipenv-fchsqiix-requirements/pipenv-4t5hwqe8-constraints.txt (line 4))
INFO:pipenv.patched.pip._internal.operations.prepare:Obtaining dependency information for packaging>=20.0 from https://files.pythonhosted.org/packages/ec/1a/610693ac4ee14fcdf2d9bf3c493370e4f2ef7ae2e19217d7a237ff42367d/packaging-23.2-py3-none-any.whl.metadata
INFO:pipenv.patched.pip._internal.network.download:Using cached packaging-23.2-py3-none-any.whl.metadata (3.2 kB)
INFO:pipenv.patched.pip._internal.operations.prepare:Collecting pillow>=6.2.0 (from matplotlib->-r /tmp/pipenv-fchsqiix-requirements/pipenv-4t5hwqe8-constraints.txt (line 4))
INFO:pipenv.patched.pip._internal.operations.prepare:Obtaining dependency information for pillow>=6.2.0 from https://files.pythonhosted.org/packages/1e/74/638f982ab43fb3b19c8a151b1a0065cafefe436f8590c1c57d5fdf2475f1/Pillow-10.1.0-cp38-cp38-manylinux_2_28_x86_64.whl.metadata
INFO:pipenv.patched.pip._internal.network.download:Downloading Pillow-10.1.0-cp38-cp38-manylinux_2_28_x86_64.whl.metadata (9.5 kB)
INFO:pipenv.patched.pip._internal.operations.prepare:Collecting pyparsing>=2.3.1 (from matplotlib->-r /tmp/pipenv-fchsqiix-requirements/pipenv-4t5hwqe8-constraints.txt (line 4))
INFO:pipenv.patched.pip._internal.operations.prepare:Obtaining dependency information for pyparsing>=2.3.1 from https://files.pythonhosted.org/packages/39/92/8486ede85fcc088f1b3dba4ce92dd29d126fd96b0008ea213167940a2475/pyparsing-3.1.1-py3-none-any.whl.metadata
INFO:pipenv.patched.pip._internal.network.download:Using cached pyparsing-3.1.1-py3-none-any.whl.metadata (5.1 kB)
INFO:pipenv.patched.pip._internal.operations.prepare:Collecting python-dateutil>=2.7 (from matplotlib->-r /tmp/pipenv-fchsqiix-requirements/pipenv-4t5hwqe8-constraints.txt (line 4))
INFO:pipenv.patched.pip._internal.network.download:Using cached python_dateutil-2.8.2-py2.py3-none-any.whl (247 kB)
INFO:pipenv.patched.pip._internal.operations.prepare:Collecting importlib-resources>=3.2.0 (from matplotlib->-r /tmp/pipenv-fchsqiix-requirements/pipenv-4t5hwqe8-constraints.txt (line 4))
INFO:pipenv.patched.pip._internal.operations.prepare:Obtaining dependency information for importlib-resources>=3.2.0 from https://files.pythonhosted.org/packages/65/6e/09d8816b5cb7a4006ef8ad1717a2703ad9f331dae9717d9f22488a2d6469/importlib_resources-6.1.0-py3-none-any.whl.metadata
INFO:pipenv.patched.pip._internal.network.download:Using cached importlib_resources-6.1.0-py3-none-any.whl.metadata (4.1 kB)
INFO:pipenv.patched.pip._internal.operations.prepare:Collecting huggingface-hub<1.0,>=0.16.4 (from transformers->-r /tmp/pipenv-fchsqiix-requirements/pipenv-4t5hwqe8-constraints.txt (line 6))
INFO:pipenv.patched.pip._internal.operations.prepare:Obtaining dependency information for huggingface-hub<1.0,>=0.16.4 from https://files.pythonhosted.org/packages/ef/b5/b6107bd65fa4c96fdf00e4733e2fe5729bb9e5e09997f63074bb43d3ab28/huggingface_hub-0.18.0-py3-none-any.whl.metadata
INFO:pipenv.patched.pip._internal.network.download:Downloading huggingface_hub-0.18.0-py3-none-any.whl.metadata (13 kB)
INFO:pipenv.patched.pip._internal.operations.prepare:Collecting pyyaml>=5.1 (from transformers->-r /tmp/pipenv-fchsqiix-requirements/pipenv-4t5hwqe8-constraints.txt (line 6))
INFO:pipenv.patched.pip._internal.operations.prepare:Obtaining dependency information for pyyaml>=5.1 from https://files.pythonhosted.org/packages/c8/6b/6600ac24725c7388255b2f5add93f91e58a5d7efaf4af244fdbcc11a541b/PyYAML-6.0.1-cp38-cp38-manylinux_2_17_x86_64.manylinux2014_x86_64.whl.metadata
INFO:pipenv.patched.pip._internal.network.download:Using cached PyYAML-6.0.1-cp38-cp38-manylinux_2_17_x86_64.manylinux2014_x86_64.whl.metadata (2.1 kB)
INFO:pipenv.patched.pip._internal.operations.prepare:Collecting regex!=2019.12.17 (from transformers->-r /tmp/pipenv-fchsqiix-requirements/pipenv-4t5hwqe8-constraints.txt (line 6))
INFO:pipenv.patched.pip._internal.operations.prepare:Obtaining dependency information for regex!=2019.12.17 from https://files.pythonhosted.org/packages/79/33/67c4ed826f5227655225c3feaaecd15afb8453e827334ddae95a7fba07ac/regex-2023.10.3-cp38-cp38-manylinux_2_17_x86_64.manylinux2014_x86_64.whl.metadata
INFO:pipenv.patched.pip._internal.network.download:Using cached regex-2023.10.3-cp38-cp38-manylinux_2_17_x86_64.manylinux2014_x86_64.whl.metadata (40 kB)
INFO:pipenv.patched.pip._internal.operations.prepare:Collecting requests (from transformers->-r /tmp/pipenv-fchsqiix-requirements/pipenv-4t5hwqe8-constraints.txt (line 6))
INFO:pipenv.patched.pip._internal.operations.prepare:Obtaining dependency information for requests from https://files.pythonhosted.org/packages/70/8e/0e2d847013cb52cd35b38c009bb167a1a26b2ce6cd6965bf26b47bc0bf44/requests-2.31.0-py3-none-any.whl.metadata
INFO:pipenv.patched.pip._internal.network.download:Using cached requests-2.31.0-py3-none-any.whl.metadata (4.6 kB)
INFO:pipenv.patched.pip._internal.operations.prepare:Collecting tokenizers<0.15,>=0.14 (from transformers->-r /tmp/pipenv-fchsqiix-requirements/pipenv-4t5hwqe8-constraints.txt (line 6))
INFO:pipenv.patched.pip._internal.operations.prepare:Obtaining dependency information for tokenizers<0.15,>=0.14 from https://files.pythonhosted.org/packages/76/ee/7e35fb46c728989357e6ccb96df64c4364601cfbfdd6c25ccc872e6c16a0/tokenizers-0.14.1-cp38-cp38-manylinux_2_17_x86_64.manylinux2014_x86_64.whl.metadata
INFO:pipenv.patched.pip._internal.network.download:Using cached tokenizers-0.14.1-cp38-cp38-manylinux_2_17_x86_64.manylinux2014_x86_64.whl.metadata (6.7 kB)
INFO:pipenv.patched.pip._internal.operations.prepare:Collecting safetensors>=0.3.1 (from transformers->-r /tmp/pipenv-fchsqiix-requirements/pipenv-4t5hwqe8-constraints.txt (line 6))
INFO:pipenv.patched.pip._internal.operations.prepare:Obtaining dependency information for safetensors>=0.3.1 from https://files.pythonhosted.org/packages/7d/cb/878e746f52e3c55312c34d89a3a80f1b2db59f5293457a75cbc99c82a27a/safetensors-0.4.0-cp38-cp38-manylinux_2_17_x86_64.manylinux2014_x86_64.whl.metadata
INFO:pipenv.patched.pip._internal.network.download:Using cached safetensors-0.4.0-cp38-cp38-manylinux_2_17_x86_64.manylinux2014_x86_64.whl.metadata (3.8 kB)
INFO:pipenv.patched.pip._internal.operations.prepare:Collecting tqdm>=4.27 (from transformers->-r /tmp/pipenv-fchsqiix-requirements/pipenv-4t5hwqe8-constraints.txt (line 6))
INFO:pipenv.patched.pip._internal.operations.prepare:Obtaining dependency information for tqdm>=4.27 from https://files.pythonhosted.org/packages/00/e5/f12a80907d0884e6dff9c16d0c0114d81b8cd07dc3ae54c5e962cc83037e/tqdm-4.66.1-py3-none-any.whl.metadata
INFO:pipenv.patched.pip._internal.network.download:Using cached tqdm-4.66.1-py3-none-any.whl.metadata (57 kB)
INFO:pipenv.patched.pip._internal.operations.prepare:Collecting pandas>=1.2 (from seaborn->-r /tmp/pipenv-fchsqiix-requirements/pipenv-4t5hwqe8-constraints.txt (line 3))
INFO:pipenv.patched.pip._internal.operations.prepare:Obtaining dependency information for pandas>=1.2 from https://files.pythonhosted.org/packages/f8/7f/5b047effafbdd34e52c9e2d7e44f729a0655efafb22198c45cf692cdc157/pandas-2.0.3-cp38-cp38-manylinux_2_17_x86_64.manylinux2014_x86_64.whl.metadata
INFO:pipenv.patched.pip._internal.network.download:Using cached pandas-2.0.3-cp38-cp38-manylinux_2_17_x86_64.manylinux2014_x86_64.whl.metadata (18 kB)
INFO:pipenv.patched.pip._internal.operations.prepare:Collecting scipy>=1.5.0 (from scikit-learn->-r /tmp/pipenv-fchsqiix-requirements/pipenv-4t5hwqe8-constraints.txt (line 5))
INFO:pipenv.patched.pip._internal.network.download:Using cached scipy-1.10.1-cp38-cp38-manylinux_2_17_x86_64.manylinux2014_x86_64.whl (34.5 MB)
INFO:pipenv.patched.pip._internal.operations.prepare:Collecting joblib>=1.1.1 (from scikit-learn->-r /tmp/pipenv-fchsqiix-requirements/pipenv-4t5hwqe8-constraints.txt (line 5))
INFO:pipenv.patched.pip._internal.operations.prepare:Obtaining dependency information for joblib>=1.1.1 from https://files.pythonhosted.org/packages/10/40/d551139c85db202f1f384ba8bcf96aca2f329440a844f924c8a0040b6d02/joblib-1.3.2-py3-none-any.whl.metadata
INFO:pipenv.patched.pip._internal.network.download:Using cached joblib-1.3.2-py3-none-any.whl.metadata (5.4 kB)
INFO:pipenv.patched.pip._internal.operations.prepare:Collecting threadpoolctl>=2.0.0 (from scikit-learn->-r /tmp/pipenv-fchsqiix-requirements/pipenv-4t5hwqe8-constraints.txt (line 5))
INFO:pipenv.patched.pip._internal.operations.prepare:Obtaining dependency information for threadpoolctl>=2.0.0 from https://files.pythonhosted.org/packages/81/12/fd4dea011af9d69e1cad05c75f3f7202cdcbeac9b712eea58ca779a72865/threadpoolctl-3.2.0-py3-none-any.whl.metadata
INFO:pipenv.patched.pip._internal.network.download:Using cached threadpoolctl-3.2.0-py3-none-any.whl.metadata (10.0 kB)
INFO:pipenv.patched.pip._internal.operations.prepare:Collecting psutil (from accelerate->-r /tmp/pipenv-fchsqiix-requirements/pipenv-4t5hwqe8-constraints.txt (line 2))
INFO:pipenv.patched.pip._internal.operations.prepare:Obtaining dependency information for psutil from https://files.pythonhosted.org/packages/19/06/4e3fa3c1b79271e933c5ddbad3a48aa2c3d5f592a0fb7c037f3e0f619f4d/psutil-5.9.6-cp36-abi3-manylinux_2_12_x86_64.manylinux2010_x86_64.manylinux_2_17_x86_64.manylinux2014_x86_64.whl.metadata
INFO:pipenv.patched.pip._internal.network.download:Downloading psutil-5.9.6-cp36-abi3-manylinux_2_12_x86_64.manylinux2010_x86_64.manylinux_2_17_x86_64.manylinux2014_x86_64.whl.metadata (21 kB)
INFO:pipenv.patched.pip._internal.operations.prepare:Collecting zipp>=3.1.0 (from importlib-resources>=3.2.0->matplotlib->-r /tmp/pipenv-fchsqiix-requirements/pipenv-4t5hwqe8-constraints.txt (line 4))
INFO:pipenv.patched.pip._internal.operations.prepare:Obtaining dependency information for zipp>=3.1.0 from https://files.pythonhosted.org/packages/d9/66/48866fc6b158c81cc2bfecc04c480f105c6040e8b077bc54c634b4a67926/zipp-3.17.0-py3-none-any.whl.metadata
INFO:pipenv.patched.pip._internal.network.download:Using cached zipp-3.17.0-py3-none-any.whl.metadata (3.7 kB)
INFO:pipenv.patched.pip._internal.operations.prepare:Collecting pytz>=2020.1 (from pandas>=1.2->seaborn->-r /tmp/pipenv-fchsqiix-requirements/pipenv-4t5hwqe8-constraints.txt (line 3))
INFO:pipenv.patched.pip._internal.operations.prepare:Obtaining dependency information for pytz>=2020.1 from https://files.pythonhosted.org/packages/32/4d/aaf7eff5deb402fd9a24a1449a8119f00d74ae9c2efa79f8ef9994261fc2/pytz-2023.3.post1-py2.py3-none-any.whl.metadata
INFO:pipenv.patched.pip._internal.network.download:Using cached pytz-2023.3.post1-py2.py3-none-any.whl.metadata (22 kB)
INFO:pipenv.patched.pip._internal.operations.prepare:Collecting tzdata>=2022.1 (from pandas>=1.2->seaborn->-r /tmp/pipenv-fchsqiix-requirements/pipenv-4t5hwqe8-constraints.txt (line 3))
INFO:pipenv.patched.pip._internal.network.download:Using cached tzdata-2023.3-py2.py3-none-any.whl (341 kB)
INFO:pipenv.patched.pip._internal.operations.prepare:Collecting six>=1.5 (from python-dateutil>=2.7->matplotlib->-r /tmp/pipenv-fchsqiix-requirements/pipenv-4t5hwqe8-constraints.txt (line 4))
INFO:pipenv.patched.pip._internal.network.download:Using cached six-1.16.0-py2.py3-none-any.whl (11 kB)
INFO:pipenv.patched.pip._internal.operations.prepare:Collecting huggingface-hub<1.0,>=0.16.4 (from transformers->-r /tmp/pipenv-fchsqiix-requirements/pipenv-4t5hwqe8-constraints.txt (line 6))
INFO:pipenv.patched.pip._internal.operations.prepare:Obtaining dependency information for huggingface-hub<1.0,>=0.16.4 from https://files.pythonhosted.org/packages/aa/f3/3fc97336a0e90516901befd4f500f08d691034d387406fdbde85bea827cc/huggingface_hub-0.17.3-py3-none-any.whl.metadata
INFO:pipenv.patched.pip._internal.network.download:Using cached huggingface_hub-0.17.3-py3-none-any.whl.metadata (13 kB)
INFO:pipenv.patched.pip._internal.operations.prepare:Collecting MarkupSafe>=2.0 (from jinja2->torch->-r /tmp/pipenv-fchsqiix-requirements/pipenv-4t5hwqe8-constraints.txt (line 7))
INFO:pipenv.patched.pip._internal.operations.prepare:Obtaining dependency information for MarkupSafe>=2.0 from https://files.pythonhosted.org/packages/de/e2/32c14301bb023986dff527a49325b6259cab4ebb4633f69de54af312fc45/MarkupSafe-2.1.3-cp38-cp38-manylinux_2_17_x86_64.manylinux2014_x86_64.whl.metadata
INFO:pipenv.patched.pip._internal.network.download:Using cached MarkupSafe-2.1.3-cp38-cp38-manylinux_2_17_x86_64.manylinux2014_x86_64.whl.metadata (3.0 kB)
INFO:pipenv.patched.pip._internal.operations.prepare:Collecting charset-normalizer<4,>=2 (from requests->transformers->-r /tmp/pipenv-fchsqiix-requirements/pipenv-4t5hwqe8-constraints.txt (line 6))
INFO:pipenv.patched.pip._internal.operations.prepare:Obtaining dependency information for charset-normalizer<4,>=2 from https://files.pythonhosted.org/packages/1e/c8/fd52271326c052f95f47ef718b018aa2bc3fd097d9bac44d7d48894c6130/charset_normalizer-3.3.0-cp38-cp38-manylinux_2_17_x86_64.manylinux2014_x86_64.whl.metadata
INFO:pipenv.patched.pip._internal.network.download:Using cached charset_normalizer-3.3.0-cp38-cp38-manylinux_2_17_x86_64.manylinux2014_x86_64.whl.metadata (32 kB)
INFO:pipenv.patched.pip._internal.operations.prepare:Collecting idna<4,>=2.5 (from requests->transformers->-r /tmp/pipenv-fchsqiix-requirements/pipenv-4t5hwqe8-constraints.txt (line 6))
INFO:pipenv.patched.pip._internal.network.download:Using cached idna-3.4-py3-none-any.whl (61 kB)
INFO:pipenv.patched.pip._internal.operations.prepare:Collecting urllib3<3,>=1.21.1 (from requests->transformers->-r /tmp/pipenv-fchsqiix-requirements/pipenv-4t5hwqe8-constraints.txt (line 6))
INFO:pipenv.patched.pip._internal.operations.prepare:Obtaining dependency information for urllib3<3,>=1.21.1 from https://files.pythonhosted.org/packages/26/40/9957270221b6d3e9a3b92fdfba80dd5c9661ff45a664b47edd5d00f707f5/urllib3-2.0.6-py3-none-any.whl.metadata
INFO:pipenv.patched.pip._internal.network.download:Using cached urllib3-2.0.6-py3-none-any.whl.metadata (6.6 kB)
INFO:pipenv.patched.pip._internal.operations.prepare:Collecting certifi>=2017.4.17 (from requests->transformers->-r /tmp/pipenv-fchsqiix-requirements/pipenv-4t5hwqe8-constraints.txt (line 6))
INFO:pipenv.patched.pip._internal.operations.prepare:Obtaining dependency information for certifi>=2017.4.17 from https://files.pythonhosted.org/packages/4c/dd/2234eab22353ffc7d94e8d13177aaa050113286e93e7b40eae01fbf7c3d9/certifi-2023.7.22-py3-none-any.whl.metadata
INFO:pipenv.patched.pip._internal.network.download:Using cached certifi-2023.7.22-py3-none-any.whl.metadata (2.2 kB)
INFO:pipenv.patched.pip._internal.operations.prepare:Collecting mpmath>=0.19 (from sympy->torch->-r /tmp/pipenv-fchsqiix-requirements/pipenv-4t5hwqe8-constraints.txt (line 7))
INFO:pipenv.patched.pip._internal.network.download:Using cached mpmath-1.3.0-py3-none-any.whl (536 kB)
INFO:pipenv.patched.pip._internal.network.download:Using cached torch-2.1.0-cp38-cp38-manylinux1_x86_64.whl (670.2 MB)
INFO:pipenv.patched.pip._internal.network.download:Using cached nvidia_cudnn_cu12-8.9.2.26-py3-none-manylinux1_x86_64.whl (731.7 MB)
INFO:pipenv.patched.pip._internal.network.download:Using cached triton-2.1.0-0-cp38-cp38-manylinux2014_x86_64.manylinux_2_17_x86_64.whl (89.2 MB)
INFO:pipenv.patched.pip._internal.network.download:Using cached matplotlib-3.7.3-cp38-cp38-manylinux_2_12_x86_64.manylinux2010_x86_64.whl (9.2 MB)
INFO:pipenv.patched.pip._internal.network.download:Using cached transformers-4.34.0-py3-none-any.whl (7.7 MB)
INFO:pipenv.patched.pip._internal.network.download:Using cached seaborn-0.13.0-py3-none-any.whl (294 kB)
INFO:pipenv.patched.pip._internal.network.download:Using cached scikit_learn-1.3.1-cp38-cp38-manylinux_2_17_x86_64.manylinux2014_x86_64.whl (11.1 MB)
INFO:pipenv.patched.pip._internal.network.download:Using cached accelerate-0.23.0-py3-none-any.whl (258 kB)
INFO:pipenv.patched.pip._internal.network.download:Using cached contourpy-1.1.1-cp38-cp38-manylinux_2_17_x86_64.manylinux2014_x86_64.whl (301 kB)
INFO:pipenv.patched.pip._internal.network.download:Using cached cycler-0.12.1-py3-none-any.whl (8.3 kB)
INFO:pipenv.patched.pip._internal.network.download:Using cached fonttools-4.43.1-cp38-cp38-manylinux_2_17_x86_64.manylinux2014_x86_64.whl (4.6 MB)
INFO:pipenv.patched.pip._internal.network.download:Using cached fsspec-2023.9.2-py3-none-any.whl (173 kB)
INFO:pipenv.patched.pip._internal.network.download:Using cached importlib_resources-6.1.0-py3-none-any.whl (33 kB)
INFO:pipenv.patched.pip._internal.network.download:Using cached joblib-1.3.2-py3-none-any.whl (302 kB)
INFO:pipenv.patched.pip._internal.network.download:Using cached kiwisolver-1.4.5-cp38-cp38-manylinux_2_5_x86_64.manylinux1_x86_64.whl (1.2 MB)
INFO:pipenv.patched.pip._internal.network.download:Using cached numpy-1.24.4-cp38-cp38-manylinux_2_17_x86_64.manylinux2014_x86_64.whl (17.3 MB)
INFO:pipenv.patched.pip._internal.network.download:Using cached packaging-23.2-py3-none-any.whl (53 kB)
INFO:pipenv.patched.pip._internal.network.download:Using cached pandas-2.0.3-cp38-cp38-manylinux_2_17_x86_64.manylinux2014_x86_64.whl (12.4 MB)
INFO:pipenv.patched.pip._internal.network.download:Downloading Pillow-10.1.0-cp38-cp38-manylinux_2_28_x86_64.whl (3.6 MB)
INFO:pipenv.patched.pip._internal.network.download:Using cached pyparsing-3.1.1-py3-none-any.whl (103 kB)
INFO:pipenv.patched.pip._internal.network.download:Using cached PyYAML-6.0.1-cp38-cp38-manylinux_2_17_x86_64.manylinux2014_x86_64.whl (736 kB)
INFO:pipenv.patched.pip._internal.network.download:Using cached regex-2023.10.3-cp38-cp38-manylinux_2_17_x86_64.manylinux2014_x86_64.whl (776 kB)
INFO:pipenv.patched.pip._internal.network.download:Using cached safetensors-0.4.0-cp38-cp38-manylinux_2_17_x86_64.manylinux2014_x86_64.whl (1.3 MB)
INFO:pipenv.patched.pip._internal.network.download:Using cached threadpoolctl-3.2.0-py3-none-any.whl (15 kB)
INFO:pipenv.patched.pip._internal.network.download:Using cached tokenizers-0.14.1-cp38-cp38-manylinux_2_17_x86_64.manylinux2014_x86_64.whl (3.8 MB)
INFO:pipenv.patched.pip._internal.network.download:Using cached huggingface_hub-0.17.3-py3-none-any.whl (295 kB)
INFO:pipenv.patched.pip._internal.network.download:Using cached tqdm-4.66.1-py3-none-any.whl (78 kB)
INFO:pipenv.patched.pip._internal.network.download:Using cached typing_extensions-4.8.0-py3-none-any.whl (31 kB)
INFO:pipenv.patched.pip._internal.network.download:Using cached filelock-3.12.4-py3-none-any.whl (11 kB)
INFO:pipenv.patched.pip._internal.network.download:Downloading psutil-5.9.6-cp36-abi3-manylinux_2_12_x86_64.manylinux2010_x86_64.manylinux_2_17_x86_64.manylinux2014_x86_64.whl (283 kB)
INFO:pipenv.patched.pip._internal.network.download:Using cached requests-2.31.0-py3-none-any.whl (62 kB)
INFO:pipenv.patched.pip._internal.network.download:Using cached certifi-2023.7.22-py3-none-any.whl (158 kB)
INFO:pipenv.patched.pip._internal.network.download:Using cached charset_normalizer-3.3.0-cp38-cp38-manylinux_2_17_x86_64.manylinux2014_x86_64.whl (137 kB)
INFO:pipenv.patched.pip._internal.network.download:Using cached MarkupSafe-2.1.3-cp38-cp38-manylinux_2_17_x86_64.manylinux2014_x86_64.whl (25 kB)
INFO:pipenv.patched.pip._internal.network.download:Using cached pytz-2023.3.post1-py2.py3-none-any.whl (502 kB)
INFO:pipenv.patched.pip._internal.network.download:Using cached urllib3-2.0.6-py3-none-any.whl (123 kB)
INFO:pipenv.patched.pip._internal.network.download:Using cached zipp-3.17.0-py3-none-any.whl (7.4 kB)
INFO:pipenv.patched.pip._internal.network.download:Using cached nvidia_nvjitlink_cu12-12.2.140-py3-none-manylinux1_x86_64.whl (20.2 MB)
Locking [dev-packages] dependencies...
Updated Pipfile.lock (2491de1b8686723d58830ea8e369910bba26729bb29445ab45f481ce6c5256dc)!
Installing dependencies from Pipfile.lock (5256dc)...
To activate this project's virtualenv, run pipenv shell.
Alternatively, run a command inside the virtualenv with pipenv run.
python3: can't open file 'MySatdDetector/1-encoder/test_project.py': [Errno 2] No such file or directory
Command exited with non-zero status 2
0.02user 0.01system 0:00.04elapsed 76%CPU (0avgtext+0avgdata 8920maxresident)k
0inputs+0outputs (0major+1687minor)pagefaults 0swaps
Tue 17 Oct 2023 01:48:24 AM JST
